<?xml version="1.0" encoding="UTF-8"?>
<!-- Generated by org.testng.reporters.JUnitReportReporter -->
<testsuite skipped="0" hostname="PankajKumar-HP" name="Demo_jenkins.Home_test" tests="4" failures="0" timestamp="11 Jun 2020 17:00:35 GMT" time="5.538" errors="0">
  <testcase name="Test_Home1" time="4.652" classname="Demo_jenkins.Home_test"/>
  <testcase name="Test_Home4" time="0.007" classname="Demo_jenkins.Home_test"/>
  <testcase name="Test_Home2" time="0.875" classname="Demo_jenkins.Home_test"/>
  <testcase name="Test_Home3" time="0.004" classname="Demo_jenkins.Home_test"/>
</testsuite> <!-- Demo_jenkins.Home_test -->
