<?xml version="1.0" encoding="UTF-8"?>
<!-- Generated by org.testng.reporters.JUnitReportReporter -->
<testsuite skipped="0" hostname="PankajKumar-HP" name="Demo_jenkins.Home_test" tests="4" failures="0" timestamp="11 Jun 2020 17:01:09 GMT" time="5.943" errors="0">
  <testcase name="Test_Home1" time="5.162" classname="Demo_jenkins.Home_test"/>
  <testcase name="Test_Home2" time="0.778" classname="Demo_jenkins.Home_test"/>
  <testcase name="Test_Home4" time="0.001" classname="Demo_jenkins.Home_test"/>
  <testcase name="Test_Home3" time="0.002" classname="Demo_jenkins.Home_test"/>
</testsuite> <!-- Demo_jenkins.Home_test -->
