<?xml version="1.0" encoding="UTF-8"?>
<!-- Generated by org.testng.reporters.JUnitReportReporter -->
<testsuite skipped="0" hostname="PankajKumar-HP" name="Demo_jenkins.login_test" tests="1" failures="0" timestamp="11 Jun 2020 17:01:09 GMT" time="0.001" errors="0">
  <testcase name="Test_Login2" time="0.001" classname="Demo_jenkins.login_test"/>
</testsuite> <!-- Demo_jenkins.login_test -->
